```sql
kingbase=#  create index idx_t_gin1_1 on t_gin1 using gin (arr);   
CREATE INDEX
kingbase=# explain (analyze,verbose,timing,costs,buffers) select * from t_gin1 where arr && array[1,2];    
                                                        QUERY PLAN                                                        
--------------------------------------------------------------------------------------------------------------------------
 Bitmap Heap Scan on PUBLIC.t_gin1  (cost=20.77..145.43 rows=100 width=36) (actual time=0.108..0.640 rows=192 loops=1)
   Output: id, arr
   Recheck Cond: (t_gin1.arr && '{1,2}'::INTEGER[])
   Heap Blocks: exact=100
   Buffers: shared hit=105
   ->  Bitmap Index Scan on idx_t_gin1_1  (cost=0.00..20.75 rows=100 width=0) (actual time=0.086..0.086 rows=192 loops=1)
         Index Cond: (t_gin1.arr && '{1,2}'::INTEGER[])
         Buffers: shared hit=5
 Planning time: 0.352 ms
 Execution time: 0.767 ms
(10 行记录)

kingbase=# explain (analyze,verbose,timing,costs,buffers) select * from t_gin1 where arr @> array[1,2];    
                                                      QUERY PLAN                                                      
----------------------------------------------------------------------------------------------------------------------
 Bitmap Heap Scan on PUBLIC.t_gin1  (cost=20.00..24.01 rows=1 width=36) (actual time=0.051..0.052 rows=1 loops=1)
   Output: id, arr
   Recheck Cond: (t_gin1.arr @> '{1,2}'::INTEGER[])
   Heap Blocks: exact=1
   Buffers: shared hit=6
   ->  Bitmap Index Scan on idx_t_gin1_1  (cost=0.00..20.00 rows=1 width=0) (actual time=0.040..0.041 rows=1 loops=1)
         Index Cond: (t_gin1.arr @> '{1,2}'::INTEGER[])
         Buffers: shared hit=5
 Planning time: 0.174 ms
 Execution time: 0.092 ms
(10 行记录)
```

